2015-04-10 20:49:15.434 contactplate[2784:224748] DiskCookieStorage changing policy from 2 to 0, cookie file: file:///Users/nickolasnikolic/Library/Developer/CoreSimulator/Devices/4ACB069C-12F8-4EAD-8B42-1C17BED8C9C1/data/Containers/Data/Application/465232DA-14E3-4336-964A-BB1B0ADA3FA5/Library/Cookies/Cookies.binarycookies
2015-04-10 20:49:15.726 contactplate[2784:224748] Apache Cordova native platform version 3.8.0 is starting.
2015-04-10 20:49:15.726 contactplate[2784:224748] Multi-tasking -> Device: YES, App: YES
2015-04-10 20:49:15.737 contactplate[2784:224748] Unlimited access to network resources
2015-04-10 20:49:15.747 contactplate[2784:224748] 

Started backup to iCloud! Please be careful.
Your application might be rejected by Apple if you store too much data.
For more information please read "iOS Data Storage Guidelines" at:
https://developer.apple.com/icloud/documentation/data-storage/
To disable web storage backup to iCloud, set the BackupWebStorage preference to "local" in the Cordova config.xml file

2015-04-10 20:49:16.257 contactplate[2784:224748] Resetting plugins due to page load.
2015-04-10 20:49:16.373 contactplate[2784:224748] Finished load of: file:///Users/nickolasnikolic/Library/Developer/CoreSimulator/Devices/4ACB069C-12F8-4EAD-8B42-1C17BED8C9C1/data/Containers/Bundle/Application/C021ABD4-B435-4B12-8E9B-DD8D9991AC8C/contactplate.app/www/index.html
2015-04-10 20:51:48.420 contactplate[2858:225810] DiskCookieStorage changing policy from 2 to 0, cookie file: file:///Users/nickolasnikolic/Library/Developer/CoreSimulator/Devices/4ACB069C-12F8-4EAD-8B42-1C17BED8C9C1/data/Containers/Data/Application/11CE3CAE-91FB-4BF3-BAAF-AEF5F1B20726/Library/Cookies/Cookies.binarycookies
2015-04-10 20:51:48.476 contactplate[2858:225810] Apache Cordova native platform version 3.8.0 is starting.
2015-04-10 20:51:48.476 contactplate[2858:225810] Multi-tasking -> Device: YES, App: YES
2015-04-10 20:51:48.477 contactplate[2858:225810] Unlimited access to network resources
2015-04-10 20:51:48.479 contactplate[2858:225810] 

Started backup to iCloud! Please be careful.
Your application might be rejected by Apple if you store too much data.
For more information please read "iOS Data Storage Guidelines" at:
https://developer.apple.com/icloud/documentation/data-storage/
To disable web storage backup to iCloud, set the BackupWebStorage preference to "local" in the Cordova config.xml file

2015-04-10 20:51:48.603 contactplate[2858:225810] Resetting plugins due to page load.
2015-04-10 20:51:48.658 contactplate[2858:225810] Finished load of: file:///Users/nickolasnikolic/Library/Developer/CoreSimulator/Devices/4ACB069C-12F8-4EAD-8B42-1C17BED8C9C1/data/Containers/Bundle/Application/7161719B-614D-487A-9B97-5C66855DE275/contactplate.app/www/index.html
2015-04-10 20:52:10.539 contactplate[2858:225814] Terminating since there is no system app.
